- Nikto v2.1.5
---------------------------------------------------------------------------
+ Target IP:          192.168.49.128
+ Target Hostname:    192.168.49.128
+ Target Port:        443
+ Start Time:         2023-06-23 09:57:53 (GMT-4)
---------------------------------------------------------------------------
+ Server: Apache/1.3.20 (Unix)  (Red-Hat/Linux) mod_ssl/2.8.4 OpenSSL/0.9.6b
+ The anti-clickjacking X-Frame-Options header is not present.
+ No CGI Directories found (use '-C all' to force check all possible dirs)
+ OSVDB-27487: Apache is vulnerable to XSS via the Expect header
+ OpenSSL/0.9.6b appears to be outdated (current is at least 1.0.1c). OpenSSL 0.9.8r is also current.
+ Apache/1.3.20 appears to be outdated (current is at least Apache/2.2.22). Apache 1.3.42 (final release) and 2.0.64 are also current.
+ mod_ssl/2.8.4 appears to be outdated (current is at least 2.8.31) (may depend on server version)
+ OSVDB-838: Apache/1.3.20 - Apache 1.x up 1.2.34 are vulnerable to a remote DoS and possible code execution. CAN-2002-0392.
+ OSVDB-4552: Apache/1.3.20 - Apache 1.3 below 1.3.27 are vulnerable to a local buffer overflow which allows attackers to kill any process on the system. CAN-2002-0839.
+ OSVDB-2733: Apache/1.3.20 - Apache 1.3 below 1.3.29 are vulnerable to overflows in mod_rewrite and mod_cgi. CAN-2003-0542.
+ mod_ssl/2.8.4 - mod_ssl 2.8.7 and lower are vulnerable to a remote buffer overflow which may allow a remote shell (difficult to exploit). CVE-2002-0082, OSVDB-756.
+ 6544 items checked: 13 error(s) and 9 item(s) reported on remote host
+ End Time:           2023-06-23 09:59:25 (GMT-4) (92 seconds)
---------------------------------------------------------------------------
+ 1 host(s) tested
